[debug] [2018-02-25T14:14:57.513Z] ----------------------------------------------------------------------
[debug] [2018-02-25T14:14:57.521Z] Command:       C:\Program Files\nodejs\node.exe C:\Users\Thomas\AppData\Roaming\npm\node_modules\firebase-tools\bin\firebase serve
[debug] [2018-02-25T14:14:57.522Z] CLI Version:   3.17.4
[debug] [2018-02-25T14:14:57.522Z] Platform:      win32
[debug] [2018-02-25T14:14:57.522Z] Node Version:  v9.2.0
[debug] [2018-02-25T14:14:57.523Z] Time:          Sun Feb 25 2018 15:14:57 GMT+0100 (Central Europe Standard Time)
[debug] [2018-02-25T14:14:57.524Z] ----------------------------------------------------------------------
[debug] 
[debug] [2018-02-25T14:14:57.564Z] > command requires scopes: ["email","openid","https://www.googleapis.com/auth/cloudplatformprojects.readonly","https://www.googleapis.com/auth/firebase","https://www.googleapis.com/auth/cloud-platform"]
[debug] [2018-02-25T14:14:57.567Z] > authorizing via signed-in user
[debug] [2018-02-25T14:14:57.575Z] >>> HTTP REQUEST GET https://admin.firebase.com/v1/projects/clothes-webshop  
  
 Sun Feb 25 2018 15:14:57 GMT+0100 (Central Europe Standard Time)
[debug] [2018-02-25T14:14:58.445Z] <<< HTTP RESPONSE 200
[debug] [2018-02-25T14:14:58.449Z] >>> HTTP REQUEST GET https://admin.firebase.com/v1/database/clothes-webshop/tokens  
  
 Sun Feb 25 2018 15:14:58 GMT+0100 (Central Europe Standard Time)
[debug] [2018-02-25T14:14:59.147Z] <<< HTTP RESPONSE 200
[info] 
[info] === Serving from 'C:\Users\Thomas\Desktop\frontenders_club\uploader_app'...
[info] 
[debug] [2018-02-25T14:14:59.155Z] >>> HTTP REQUEST GET https://cloudresourcemanager.googleapis.com/v1/projects/clothes-webshop  
  
 Sun Feb 25 2018 15:14:59 GMT+0100 (Central Europe Standard Time)
[debug] [2018-02-25T14:15:00.047Z] <<< HTTP RESPONSE 200
[debug] [2018-02-25T14:15:00.048Z] >>> HTTP REQUEST GET https://mobilesdk-pa.googleapis.com/v1/projects/280965824953/clients/_:getWebAppConfig  
  
 Sun Feb 25 2018 15:15:00 GMT+0100 (Central Europe Standard Time)
[debug] [2018-02-25T14:15:00.530Z] <<< HTTP RESPONSE 200
[info] i  hosting: Serving hosting files from: ./
[info] +  hosting: Local server: http://localhost:5000

